The system is: Linux - 3.13.7-1-ARCH - x86_64
Compiling the C compiler identification source file "CMakeCCompilerId.c" succeeded.
Compiler: /usr/bin/cc 
Build flags: 
Id flags: 

The output was:
0


Compilation of the C compiler identification source "CMakeCCompilerId.c" produced "a.out"

The C compiler identification is GNU, found in "/home/tronje/Documents/Stuff/build/CMakeFiles/2.8.12.2/CompilerIdC/a.out"

Compiling the CXX compiler identification source file "CMakeCXXCompilerId.cpp" succeeded.
Compiler: /usr/bin/c++ 
Build flags: 
Id flags: 

The output was:
0


Compilation of the CXX compiler identification source "CMakeCXXCompilerId.cpp" produced "a.out"

The CXX compiler identification is GNU, found in "/home/tronje/Documents/Stuff/build/CMakeFiles/2.8.12.2/CompilerIdCXX/a.out"

Determining if the C compiler works passed with the following output:
Change Dir: /home/tronje/Documents/Stuff/build/CMakeFiles/CMakeTmp

Run Build Command:/usr/bin/make "cmTryCompileExec2231254488/fast"
/usr/bin/make -f CMakeFiles/cmTryCompileExec2231254488.dir/build.make CMakeFiles/cmTryCompileExec2231254488.dir/build
make[1]: Entering directory '/home/tronje/Documents/Stuff/build/CMakeFiles/CMakeTmp'
/usr/bin/cmake -E cmake_progress_report /home/tronje/Documents/Stuff/build/CMakeFiles/CMakeTmp/CMakeFiles 1
Building C object CMakeFiles/cmTryCompileExec2231254488.dir/testCCompiler.c.o
/usr/bin/cc    -o CMakeFiles/cmTryCompileExec2231254488.dir/testCCompiler.c.o   -c /home/tronje/Documents/Stuff/build/CMakeFiles/CMakeTmp/testCCompiler.c
Linking C executable cmTryCompileExec2231254488
/usr/bin/cmake -E cmake_link_script CMakeFiles/cmTryCompileExec2231254488.dir/link.txt --verbose=1
/usr/bin/cc       CMakeFiles/cmTryCompileExec2231254488.dir/testCCompiler.c.o  -o cmTryCompileExec2231254488 -rdynamic 
make[1]: Leaving directory '/home/tronje/Documents/Stuff/build/CMakeFiles/CMakeTmp'


Detecting C compiler ABI info compiled with the following output:
Change Dir: /home/tronje/Documents/Stuff/build/CMakeFiles/CMakeTmp

Run Build Command:/usr/bin/make "cmTryCompileExec1510394791/fast"
/usr/bin/make -f CMakeFiles/cmTryCompileExec1510394791.dir/build.make CMakeFiles/cmTryCompileExec1510394791.dir/build
make[1]: Entering directory '/home/tronje/Documents/Stuff/build/CMakeFiles/CMakeTmp'
/usr/bin/cmake -E cmake_progress_report /home/tronje/Documents/Stuff/build/CMakeFiles/CMakeTmp/CMakeFiles 1
Building C object CMakeFiles/cmTryCompileExec1510394791.dir/CMakeCCompilerABI.c.o
/usr/bin/cc    -o CMakeFiles/cmTryCompileExec1510394791.dir/CMakeCCompilerABI.c.o   -c /usr/share/cmake-2.8/Modules/CMakeCCompilerABI.c
Linking C executable cmTryCompileExec1510394791
/usr/bin/cmake -E cmake_link_script CMakeFiles/cmTryCompileExec1510394791.dir/link.txt --verbose=1
/usr/bin/cc     -v CMakeFiles/cmTryCompileExec1510394791.dir/CMakeCCompilerABI.c.o  -o cmTryCompileExec1510394791 -rdynamic  
Using built-in specs.
COLLECT_GCC=/usr/bin/cc
COLLECT_LTO_WRAPPER=/usr/lib/gcc/x86_64-unknown-linux-gnu/4.8.2/lto-wrapper
Target: x86_64-unknown-linux-gnu
Configured with: /build/gcc-multilib/src/gcc-4.8-20140206/configure --prefix=/usr --libdir=/usr/lib --libexecdir=/usr/lib --mandir=/usr/share/man --infodir=/usr/share/info --with-bugurl=https://bugs.archlinux.org/ --enable-languages=c,c++,ada,fortran,go,lto,objc,obj-c++ --enable-shared --enable-threads=posix --with-system-zlib --enable-__cxa_atexit --disable-libunwind-exceptions --enable-clocale=gnu --disable-libstdcxx-pch --disable-libssp --enable-gnu-unique-object --enable-linker-build-id --enable-cloog-backend=isl --disable-cloog-version-check --enable-lto --enable-plugin --enable-install-libiberty --with-linker-hash-style=gnu --enable-multilib --disable-werror --enable-checking=release
Thread model: posix
gcc version 4.8.2 20140206 (prerelease) (GCC) 
COMPILER_PATH=/usr/lib/gcc/x86_64-unknown-linux-gnu/4.8.2/:/usr/lib/gcc/x86_64-unknown-linux-gnu/4.8.2/:/usr/lib/gcc/x86_64-unknown-linux-gnu/:/usr/lib/gcc/x86_64-unknown-linux-gnu/4.8.2/:/usr/lib/gcc/x86_64-unknown-linux-gnu/
LIBRARY_PATH=/usr/lib/gcc/x86_64-unknown-linux-gnu/4.8.2/:/usr/lib/gcc/x86_64-unknown-linux-gnu/4.8.2/../../../../lib/:/lib/../lib/:/usr/lib/../lib/:/usr/lib/gcc/x86_64-unknown-linux-gnu/4.8.2/../../../:/lib/:/usr/lib/
COLLECT_GCC_OPTIONS='-v' '-o' 'cmTryCompileExec1510394791' '-rdynamic' '-mtune=generic' '-march=x86-64'
 /usr/lib/gcc/x86_64-unknown-linux-gnu/4.8.2/collect2 --build-id --eh-frame-hdr --hash-style=gnu -m elf_x86_64 -export-dynamic -dynamic-linker /lib64/ld-linux-x86-64.so.2 -o cmTryCompileExec1510394791 /usr/lib/gcc/x86_64-unknown-linux-gnu/4.8.2/../../../../lib/crt1.o /usr/lib/gcc/x86_64-unknown-linux-gnu/4.8.2/../../../../lib/crti.o /usr/lib/gcc/x86_64-unknown-linux-gnu/4.8.2/crtbegin.o -L/usr/lib/gcc/x86_64-unknown-linux-gnu/4.8.2 -L/usr/lib/gcc/x86_64-unknown-linux-gnu/4.8.2/../../../../lib -L/lib/../lib -L/usr/lib/../lib -L/usr/lib/gcc/x86_64-unknown-linux-gnu/4.8.2/../../.. CMakeFiles/cmTryCompileExec1510394791.dir/CMakeCCompilerABI.c.o -lgcc --as-needed -lgcc_s --no-as-needed -lc -lgcc --as-needed -lgcc_s --no-as-needed /usr/lib/gcc/x86_64-unknown-linux-gnu/4.8.2/crtend.o /usr/lib/gcc/x86_64-unknown-linux-gnu/4.8.2/../../../../lib/crtn.o
make[1]: Leaving directory '/home/tronje/Documents/Stuff/build/CMakeFiles/CMakeTmp'


Parsed C implicit link information from above output:
  link line regex: [^( *|.*[/\])(ld|([^/\]+-)?ld|collect2)[^/\]*( |$)]
  ignore line: [Change Dir: /home/tronje/Documents/Stuff/build/CMakeFiles/CMakeTmp]
  ignore line: []
  ignore line: [Run Build Command:/usr/bin/make "cmTryCompileExec1510394791/fast"]
  ignore line: [/usr/bin/make -f CMakeFiles/cmTryCompileExec1510394791.dir/build.make CMakeFiles/cmTryCompileExec1510394791.dir/build]
  ignore line: [make[1]: Entering directory '/home/tronje/Documents/Stuff/build/CMakeFiles/CMakeTmp']
  ignore line: [/usr/bin/cmake -E cmake_progress_report /home/tronje/Documents/Stuff/build/CMakeFiles/CMakeTmp/CMakeFiles 1]
  ignore line: [Building C object CMakeFiles/cmTryCompileExec1510394791.dir/CMakeCCompilerABI.c.o]
  ignore line: [/usr/bin/cc    -o CMakeFiles/cmTryCompileExec1510394791.dir/CMakeCCompilerABI.c.o   -c /usr/share/cmake-2.8/Modules/CMakeCCompilerABI.c]
  ignore line: [Linking C executable cmTryCompileExec1510394791]
  ignore line: [/usr/bin/cmake -E cmake_link_script CMakeFiles/cmTryCompileExec1510394791.dir/link.txt --verbose=1]
  ignore line: [/usr/bin/cc     -v CMakeFiles/cmTryCompileExec1510394791.dir/CMakeCCompilerABI.c.o  -o cmTryCompileExec1510394791 -rdynamic  ]
  ignore line: [Using built-in specs.]
  ignore line: [COLLECT_GCC=/usr/bin/cc]
  ignore line: [COLLECT_LTO_WRAPPER=/usr/lib/gcc/x86_64-unknown-linux-gnu/4.8.2/lto-wrapper]
  ignore line: [Target: x86_64-unknown-linux-gnu]
  ignore line: [Configured with: /build/gcc-multilib/src/gcc-4.8-20140206/configure --prefix=/usr --libdir=/usr/lib --libexecdir=/usr/lib --mandir=/usr/share/man --infodir=/usr/share/info --with-bugurl=https://bugs.archlinux.org/ --enable-languages=c,c++,ada,fortran,go,lto,objc,obj-c++ --enable-shared --enable-threads=posix --with-system-zlib --enable-__cxa_atexit --disable-libunwind-exceptions --enable-clocale=gnu --disable-libstdcxx-pch --disable-libssp --enable-gnu-unique-object --enable-linker-build-id --enable-cloog-backend=isl --disable-cloog-version-check --enable-lto --enable-plugin --enable-install-libiberty --with-linker-hash-style=gnu --enable-multilib --disable-werror --enable-checking=release]
  ignore line: [Thread model: posix]
  ignore line: [gcc version 4.8.2 20140206 (prerelease) (GCC) ]
  ignore line: [COMPILER_PATH=/usr/lib/gcc/x86_64-unknown-linux-gnu/4.8.2/:/usr/lib/gcc/x86_64-unknown-linux-gnu/4.8.2/:/usr/lib/gcc/x86_64-unknown-linux-gnu/:/usr/lib/gcc/x86_64-unknown-linux-gnu/4.8.2/:/usr/lib/gcc/x86_64-unknown-linux-gnu/]
  ignore line: [LIBRARY_PATH=/usr/lib/gcc/x86_64-unknown-linux-gnu/4.8.2/:/usr/lib/gcc/x86_64-unknown-linux-gnu/4.8.2/../../../../lib/:/lib/../lib/:/usr/lib/../lib/:/usr/lib/gcc/x86_64-unknown-linux-gnu/4.8.2/../../../:/lib/:/usr/lib/]
  ignore line: [COLLECT_GCC_OPTIONS='-v' '-o' 'cmTryCompileExec1510394791' '-rdynamic' '-mtune=generic' '-march=x86-64']
  link line: [ /usr/lib/gcc/x86_64-unknown-linux-gnu/4.8.2/collect2 --build-id --eh-frame-hdr --hash-style=gnu -m elf_x86_64 -export-dynamic -dynamic-linker /lib64/ld-linux-x86-64.so.2 -o cmTryCompileExec1510394791 /usr/lib/gcc/x86_64-unknown-linux-gnu/4.8.2/../../../../lib/crt1.o /usr/lib/gcc/x86_64-unknown-linux-gnu/4.8.2/../../../../lib/crti.o /usr/lib/gcc/x86_64-unknown-linux-gnu/4.8.2/crtbegin.o -L/usr/lib/gcc/x86_64-unknown-linux-gnu/4.8.2 -L/usr/lib/gcc/x86_64-unknown-linux-gnu/4.8.2/../../../../lib -L/lib/../lib -L/usr/lib/../lib -L/usr/lib/gcc/x86_64-unknown-linux-gnu/4.8.2/../../.. CMakeFiles/cmTryCompileExec1510394791.dir/CMakeCCompilerABI.c.o -lgcc --as-needed -lgcc_s --no-as-needed -lc -lgcc --as-needed -lgcc_s --no-as-needed /usr/lib/gcc/x86_64-unknown-linux-gnu/4.8.2/crtend.o /usr/lib/gcc/x86_64-unknown-linux-gnu/4.8.2/../../../../lib/crtn.o]
    arg [/usr/lib/gcc/x86_64-unknown-linux-gnu/4.8.2/collect2] ==> ignore
    arg [--build-id] ==> ignore
    arg [--eh-frame-hdr] ==> ignore
    arg [--hash-style=gnu] ==> ignore
    arg [-m] ==> ignore
    arg [elf_x86_64] ==> ignore
    arg [-export-dynamic] ==> ignore
    arg [-dynamic-linker] ==> ignore
    arg [/lib64/ld-linux-x86-64.so.2] ==> ignore
    arg [-o] ==> ignore
    arg [cmTryCompileExec1510394791] ==> ignore
    arg [/usr/lib/gcc/x86_64-unknown-linux-gnu/4.8.2/../../../../lib/crt1.o] ==> ignore
    arg [/usr/lib/gcc/x86_64-unknown-linux-gnu/4.8.2/../../../../lib/crti.o] ==> ignore
    arg [/usr/lib/gcc/x86_64-unknown-linux-gnu/4.8.2/crtbegin.o] ==> ignore
    arg [-L/usr/lib/gcc/x86_64-unknown-linux-gnu/4.8.2] ==> dir [/usr/lib/gcc/x86_64-unknown-linux-gnu/4.8.2]
    arg [-L/usr/lib/gcc/x86_64-unknown-linux-gnu/4.8.2/../../../../lib] ==> dir [/usr/lib/gcc/x86_64-unknown-linux-gnu/4.8.2/../../../../lib]
    arg [-L/lib/../lib] ==> dir [/lib/../lib]
    arg [-L/usr/lib/../lib] ==> dir [/usr/lib/../lib]
    arg [-L/usr/lib/gcc/x86_64-unknown-linux-gnu/4.8.2/../../..] ==> dir [/usr/lib/gcc/x86_64-unknown-linux-gnu/4.8.2/../../..]
    arg [CMakeFiles/cmTryCompileExec1510394791.dir/CMakeCCompilerABI.c.o] ==> ignore
    arg [-lgcc] ==> lib [gcc]
    arg [--as-needed] ==> ignore
    arg [-lgcc_s] ==> lib [gcc_s]
    arg [--no-as-needed] ==> ignore
    arg [-lc] ==> lib [c]
    arg [-lgcc] ==> lib [gcc]
    arg [--as-needed] ==> ignore
    arg [-lgcc_s] ==> lib [gcc_s]
    arg [--no-as-needed] ==> ignore
    arg [/usr/lib/gcc/x86_64-unknown-linux-gnu/4.8.2/crtend.o] ==> ignore
    arg [/usr/lib/gcc/x86_64-unknown-linux-gnu/4.8.2/../../../../lib/crtn.o] ==> ignore
  remove lib [gcc]
  remove lib [gcc_s]
  remove lib [gcc]
  remove lib [gcc_s]
  collapse library dir [/usr/lib/gcc/x86_64-unknown-linux-gnu/4.8.2] ==> [/usr/lib/gcc/x86_64-unknown-linux-gnu/4.8.2]
  collapse library dir [/usr/lib/gcc/x86_64-unknown-linux-gnu/4.8.2/../../../../lib] ==> [/usr/lib]
  collapse library dir [/lib/../lib] ==> [/lib]
  collapse library dir [/usr/lib/../lib] ==> [/usr/lib]
  collapse library dir [/usr/lib/gcc/x86_64-unknown-linux-gnu/4.8.2/../../..] ==> [/usr/lib]
  implicit libs: [c]
  implicit dirs: [/usr/lib/gcc/x86_64-unknown-linux-gnu/4.8.2;/usr/lib;/lib]
  implicit fwks: []


Determining if the CXX compiler works passed with the following output:
Change Dir: /home/tronje/Documents/Stuff/build/CMakeFiles/CMakeTmp

Run Build Command:/usr/bin/make "cmTryCompileExec1520754461/fast"
/usr/bin/make -f CMakeFiles/cmTryCompileExec1520754461.dir/build.make CMakeFiles/cmTryCompileExec1520754461.dir/build
make[1]: Entering directory '/home/tronje/Documents/Stuff/build/CMakeFiles/CMakeTmp'
/usr/bin/cmake -E cmake_progress_report /home/tronje/Documents/Stuff/build/CMakeFiles/CMakeTmp/CMakeFiles 1
Building CXX object CMakeFiles/cmTryCompileExec1520754461.dir/testCXXCompiler.cxx.o
/usr/bin/c++     -o CMakeFiles/cmTryCompileExec1520754461.dir/testCXXCompiler.cxx.o -c /home/tronje/Documents/Stuff/build/CMakeFiles/CMakeTmp/testCXXCompiler.cxx
Linking CXX executable cmTryCompileExec1520754461
/usr/bin/cmake -E cmake_link_script CMakeFiles/cmTryCompileExec1520754461.dir/link.txt --verbose=1
/usr/bin/c++        CMakeFiles/cmTryCompileExec1520754461.dir/testCXXCompiler.cxx.o  -o cmTryCompileExec1520754461 -rdynamic 
make[1]: Leaving directory '/home/tronje/Documents/Stuff/build/CMakeFiles/CMakeTmp'


Detecting CXX compiler ABI info compiled with the following output:
Change Dir: /home/tronje/Documents/Stuff/build/CMakeFiles/CMakeTmp

Run Build Command:/usr/bin/make "cmTryCompileExec3968573639/fast"
/usr/bin/make -f CMakeFiles/cmTryCompileExec3968573639.dir/build.make CMakeFiles/cmTryCompileExec3968573639.dir/build
make[1]: Entering directory '/home/tronje/Documents/Stuff/build/CMakeFiles/CMakeTmp'
/usr/bin/cmake -E cmake_progress_report /home/tronje/Documents/Stuff/build/CMakeFiles/CMakeTmp/CMakeFiles 1
Building CXX object CMakeFiles/cmTryCompileExec3968573639.dir/CMakeCXXCompilerABI.cpp.o
/usr/bin/c++     -o CMakeFiles/cmTryCompileExec3968573639.dir/CMakeCXXCompilerABI.cpp.o -c /usr/share/cmake-2.8/Modules/CMakeCXXCompilerABI.cpp
Linking CXX executable cmTryCompileExec3968573639
/usr/bin/cmake -E cmake_link_script CMakeFiles/cmTryCompileExec3968573639.dir/link.txt --verbose=1
/usr/bin/c++      -v CMakeFiles/cmTryCompileExec3968573639.dir/CMakeCXXCompilerABI.cpp.o  -o cmTryCompileExec3968573639 -rdynamic  
Using built-in specs.
COLLECT_GCC=/usr/bin/c++
COLLECT_LTO_WRAPPER=/usr/lib/gcc/x86_64-unknown-linux-gnu/4.8.2/lto-wrapper
Target: x86_64-unknown-linux-gnu
Configured with: /build/gcc-multilib/src/gcc-4.8-20140206/configure --prefix=/usr --libdir=/usr/lib --libexecdir=/usr/lib --mandir=/usr/share/man --infodir=/usr/share/info --with-bugurl=https://bugs.archlinux.org/ --enable-languages=c,c++,ada,fortran,go,lto,objc,obj-c++ --enable-shared --enable-threads=posix --with-system-zlib --enable-__cxa_atexit --disable-libunwind-exceptions --enable-clocale=gnu --disable-libstdcxx-pch --disable-libssp --enable-gnu-unique-object --enable-linker-build-id --enable-cloog-backend=isl --disable-cloog-version-check --enable-lto --enable-plugin --enable-install-libiberty --with-linker-hash-style=gnu --enable-multilib --disable-werror --enable-checking=release
Thread model: posix
gcc version 4.8.2 20140206 (prerelease) (GCC) 
COMPILER_PATH=/usr/lib/gcc/x86_64-unknown-linux-gnu/4.8.2/:/usr/lib/gcc/x86_64-unknown-linux-gnu/4.8.2/:/usr/lib/gcc/x86_64-unknown-linux-gnu/:/usr/lib/gcc/x86_64-unknown-linux-gnu/4.8.2/:/usr/lib/gcc/x86_64-unknown-linux-gnu/
LIBRARY_PATH=/usr/lib/gcc/x86_64-unknown-linux-gnu/4.8.2/:/usr/lib/gcc/x86_64-unknown-linux-gnu/4.8.2/../../../../lib/:/lib/../lib/:/usr/lib/../lib/:/usr/lib/gcc/x86_64-unknown-linux-gnu/4.8.2/../../../:/lib/:/usr/lib/
COLLECT_GCC_OPTIONS='-v' '-o' 'cmTryCompileExec3968573639' '-rdynamic' '-shared-libgcc' '-mtune=generic' '-march=x86-64'
 /usr/lib/gcc/x86_64-unknown-linux-gnu/4.8.2/collect2 --build-id --eh-frame-hdr --hash-style=gnu -m elf_x86_64 -export-dynamic -dynamic-linker /lib64/ld-linux-x86-64.so.2 -o cmTryCompileExec3968573639 /usr/lib/gcc/x86_64-unknown-linux-gnu/4.8.2/../../../../lib/crt1.o /usr/lib/gcc/x86_64-unknown-linux-gnu/4.8.2/../../../../lib/crti.o /usr/lib/gcc/x86_64-unknown-linux-gnu/4.8.2/crtbegin.o -L/usr/lib/gcc/x86_64-unknown-linux-gnu/4.8.2 -L/usr/lib/gcc/x86_64-unknown-linux-gnu/4.8.2/../../../../lib -L/lib/../lib -L/usr/lib/../lib -L/usr/lib/gcc/x86_64-unknown-linux-gnu/4.8.2/../../.. CMakeFiles/cmTryCompileExec3968573639.dir/CMakeCXXCompilerABI.cpp.o -lstdc++ -lm -lgcc_s -lgcc -lc -lgcc_s -lgcc /usr/lib/gcc/x86_64-unknown-linux-gnu/4.8.2/crtend.o /usr/lib/gcc/x86_64-unknown-linux-gnu/4.8.2/../../../../lib/crtn.o
make[1]: Leaving directory '/home/tronje/Documents/Stuff/build/CMakeFiles/CMakeTmp'


Parsed CXX implicit link information from above output:
  link line regex: [^( *|.*[/\])(ld|([^/\]+-)?ld|collect2)[^/\]*( |$)]
  ignore line: [Change Dir: /home/tronje/Documents/Stuff/build/CMakeFiles/CMakeTmp]
  ignore line: []
  ignore line: [Run Build Command:/usr/bin/make "cmTryCompileExec3968573639/fast"]
  ignore line: [/usr/bin/make -f CMakeFiles/cmTryCompileExec3968573639.dir/build.make CMakeFiles/cmTryCompileExec3968573639.dir/build]
  ignore line: [make[1]: Entering directory '/home/tronje/Documents/Stuff/build/CMakeFiles/CMakeTmp']
  ignore line: [/usr/bin/cmake -E cmake_progress_report /home/tronje/Documents/Stuff/build/CMakeFiles/CMakeTmp/CMakeFiles 1]
  ignore line: [Building CXX object CMakeFiles/cmTryCompileExec3968573639.dir/CMakeCXXCompilerABI.cpp.o]
  ignore line: [/usr/bin/c++     -o CMakeFiles/cmTryCompileExec3968573639.dir/CMakeCXXCompilerABI.cpp.o -c /usr/share/cmake-2.8/Modules/CMakeCXXCompilerABI.cpp]
  ignore line: [Linking CXX executable cmTryCompileExec3968573639]
  ignore line: [/usr/bin/cmake -E cmake_link_script CMakeFiles/cmTryCompileExec3968573639.dir/link.txt --verbose=1]
  ignore line: [/usr/bin/c++      -v CMakeFiles/cmTryCompileExec3968573639.dir/CMakeCXXCompilerABI.cpp.o  -o cmTryCompileExec3968573639 -rdynamic  ]
  ignore line: [Using built-in specs.]
  ignore line: [COLLECT_GCC=/usr/bin/c++]
  ignore line: [COLLECT_LTO_WRAPPER=/usr/lib/gcc/x86_64-unknown-linux-gnu/4.8.2/lto-wrapper]
  ignore line: [Target: x86_64-unknown-linux-gnu]
  ignore line: [Configured with: /build/gcc-multilib/src/gcc-4.8-20140206/configure --prefix=/usr --libdir=/usr/lib --libexecdir=/usr/lib --mandir=/usr/share/man --infodir=/usr/share/info --with-bugurl=https://bugs.archlinux.org/ --enable-languages=c,c++,ada,fortran,go,lto,objc,obj-c++ --enable-shared --enable-threads=posix --with-system-zlib --enable-__cxa_atexit --disable-libunwind-exceptions --enable-clocale=gnu --disable-libstdcxx-pch --disable-libssp --enable-gnu-unique-object --enable-linker-build-id --enable-cloog-backend=isl --disable-cloog-version-check --enable-lto --enable-plugin --enable-install-libiberty --with-linker-hash-style=gnu --enable-multilib --disable-werror --enable-checking=release]
  ignore line: [Thread model: posix]
  ignore line: [gcc version 4.8.2 20140206 (prerelease) (GCC) ]
  ignore line: [COMPILER_PATH=/usr/lib/gcc/x86_64-unknown-linux-gnu/4.8.2/:/usr/lib/gcc/x86_64-unknown-linux-gnu/4.8.2/:/usr/lib/gcc/x86_64-unknown-linux-gnu/:/usr/lib/gcc/x86_64-unknown-linux-gnu/4.8.2/:/usr/lib/gcc/x86_64-unknown-linux-gnu/]
  ignore line: [LIBRARY_PATH=/usr/lib/gcc/x86_64-unknown-linux-gnu/4.8.2/:/usr/lib/gcc/x86_64-unknown-linux-gnu/4.8.2/../../../../lib/:/lib/../lib/:/usr/lib/../lib/:/usr/lib/gcc/x86_64-unknown-linux-gnu/4.8.2/../../../:/lib/:/usr/lib/]
  ignore line: [COLLECT_GCC_OPTIONS='-v' '-o' 'cmTryCompileExec3968573639' '-rdynamic' '-shared-libgcc' '-mtune=generic' '-march=x86-64']
  link line: [ /usr/lib/gcc/x86_64-unknown-linux-gnu/4.8.2/collect2 --build-id --eh-frame-hdr --hash-style=gnu -m elf_x86_64 -export-dynamic -dynamic-linker /lib64/ld-linux-x86-64.so.2 -o cmTryCompileExec3968573639 /usr/lib/gcc/x86_64-unknown-linux-gnu/4.8.2/../../../../lib/crt1.o /usr/lib/gcc/x86_64-unknown-linux-gnu/4.8.2/../../../../lib/crti.o /usr/lib/gcc/x86_64-unknown-linux-gnu/4.8.2/crtbegin.o -L/usr/lib/gcc/x86_64-unknown-linux-gnu/4.8.2 -L/usr/lib/gcc/x86_64-unknown-linux-gnu/4.8.2/../../../../lib -L/lib/../lib -L/usr/lib/../lib -L/usr/lib/gcc/x86_64-unknown-linux-gnu/4.8.2/../../.. CMakeFiles/cmTryCompileExec3968573639.dir/CMakeCXXCompilerABI.cpp.o -lstdc++ -lm -lgcc_s -lgcc -lc -lgcc_s -lgcc /usr/lib/gcc/x86_64-unknown-linux-gnu/4.8.2/crtend.o /usr/lib/gcc/x86_64-unknown-linux-gnu/4.8.2/../../../../lib/crtn.o]
    arg [/usr/lib/gcc/x86_64-unknown-linux-gnu/4.8.2/collect2] ==> ignore
    arg [--build-id] ==> ignore
    arg [--eh-frame-hdr] ==> ignore
    arg [--hash-style=gnu] ==> ignore
    arg [-m] ==> ignore
    arg [elf_x86_64] ==> ignore
    arg [-export-dynamic] ==> ignore
    arg [-dynamic-linker] ==> ignore
    arg [/lib64/ld-linux-x86-64.so.2] ==> ignore
    arg [-o] ==> ignore
    arg [cmTryCompileExec3968573639] ==> ignore
    arg [/usr/lib/gcc/x86_64-unknown-linux-gnu/4.8.2/../../../../lib/crt1.o] ==> ignore
    arg [/usr/lib/gcc/x86_64-unknown-linux-gnu/4.8.2/../../../../lib/crti.o] ==> ignore
    arg [/usr/lib/gcc/x86_64-unknown-linux-gnu/4.8.2/crtbegin.o] ==> ignore
    arg [-L/usr/lib/gcc/x86_64-unknown-linux-gnu/4.8.2] ==> dir [/usr/lib/gcc/x86_64-unknown-linux-gnu/4.8.2]
    arg [-L/usr/lib/gcc/x86_64-unknown-linux-gnu/4.8.2/../../../../lib] ==> dir [/usr/lib/gcc/x86_64-unknown-linux-gnu/4.8.2/../../../../lib]
    arg [-L/lib/../lib] ==> dir [/lib/../lib]
    arg [-L/usr/lib/../lib] ==> dir [/usr/lib/../lib]
    arg [-L/usr/lib/gcc/x86_64-unknown-linux-gnu/4.8.2/../../..] ==> dir [/usr/lib/gcc/x86_64-unknown-linux-gnu/4.8.2/../../..]
    arg [CMakeFiles/cmTryCompileExec3968573639.dir/CMakeCXXCompilerABI.cpp.o] ==> ignore
    arg [-lstdc++] ==> lib [stdc++]
    arg [-lm] ==> lib [m]
    arg [-lgcc_s] ==> lib [gcc_s]
    arg [-lgcc] ==> lib [gcc]
    arg [-lc] ==> lib [c]
    arg [-lgcc_s] ==> lib [gcc_s]
    arg [-lgcc] ==> lib [gcc]
    arg [/usr/lib/gcc/x86_64-unknown-linux-gnu/4.8.2/crtend.o] ==> ignore
    arg [/usr/lib/gcc/x86_64-unknown-linux-gnu/4.8.2/../../../../lib/crtn.o] ==> ignore
  remove lib [gcc_s]
  remove lib [gcc]
  remove lib [gcc_s]
  remove lib [gcc]
  collapse library dir [/usr/lib/gcc/x86_64-unknown-linux-gnu/4.8.2] ==> [/usr/lib/gcc/x86_64-unknown-linux-gnu/4.8.2]
  collapse library dir [/usr/lib/gcc/x86_64-unknown-linux-gnu/4.8.2/../../../../lib] ==> [/usr/lib]
  collapse library dir [/lib/../lib] ==> [/lib]
  collapse library dir [/usr/lib/../lib] ==> [/usr/lib]
  collapse library dir [/usr/lib/gcc/x86_64-unknown-linux-gnu/4.8.2/../../..] ==> [/usr/lib]
  implicit libs: [stdc++;m;c]
  implicit dirs: [/usr/lib/gcc/x86_64-unknown-linux-gnu/4.8.2;/usr/lib;/lib]
  implicit fwks: []


Determining if the function XOpenDisplay exists in the /usr/lib64/libX11.so;/usr/lib64/libXext.so passed with the following output:
Change Dir: /home/tronje/Documents/Stuff/build/CMakeFiles/CMakeTmp

Run Build Command:/usr/bin/make "cmTryCompileExec810987825/fast"
/usr/bin/make -f CMakeFiles/cmTryCompileExec810987825.dir/build.make CMakeFiles/cmTryCompileExec810987825.dir/build
make[1]: Entering directory '/home/tronje/Documents/Stuff/build/CMakeFiles/CMakeTmp'
/usr/bin/cmake -E cmake_progress_report /home/tronje/Documents/Stuff/build/CMakeFiles/CMakeTmp/CMakeFiles 1
Building C object CMakeFiles/cmTryCompileExec810987825.dir/CheckFunctionExists.c.o
/usr/bin/cc   -DCHECK_FUNCTION_EXISTS=XOpenDisplay   -o CMakeFiles/cmTryCompileExec810987825.dir/CheckFunctionExists.c.o   -c /usr/share/cmake-2.8/Modules/CheckFunctionExists.c
Linking C executable cmTryCompileExec810987825
/usr/bin/cmake -E cmake_link_script CMakeFiles/cmTryCompileExec810987825.dir/link.txt --verbose=1
/usr/bin/cc   -DCHECK_FUNCTION_EXISTS=XOpenDisplay    CMakeFiles/cmTryCompileExec810987825.dir/CheckFunctionExists.c.o  -o cmTryCompileExec810987825 -rdynamic -lX11 -lXext 
make[1]: Leaving directory '/home/tronje/Documents/Stuff/build/CMakeFiles/CMakeTmp'


Determining if the function gethostbyname exists passed with the following output:
Change Dir: /home/tronje/Documents/Stuff/build/CMakeFiles/CMakeTmp

Run Build Command:/usr/bin/make "cmTryCompileExec1521451337/fast"
/usr/bin/make -f CMakeFiles/cmTryCompileExec1521451337.dir/build.make CMakeFiles/cmTryCompileExec1521451337.dir/build
make[1]: Entering directory '/home/tronje/Documents/Stuff/build/CMakeFiles/CMakeTmp'
/usr/bin/cmake -E cmake_progress_report /home/tronje/Documents/Stuff/build/CMakeFiles/CMakeTmp/CMakeFiles 1
Building C object CMakeFiles/cmTryCompileExec1521451337.dir/CheckFunctionExists.c.o
/usr/bin/cc   -DCHECK_FUNCTION_EXISTS=gethostbyname   -o CMakeFiles/cmTryCompileExec1521451337.dir/CheckFunctionExists.c.o   -c /usr/share/cmake-2.8/Modules/CheckFunctionExists.c
Linking C executable cmTryCompileExec1521451337
/usr/bin/cmake -E cmake_link_script CMakeFiles/cmTryCompileExec1521451337.dir/link.txt --verbose=1
/usr/bin/cc   -DCHECK_FUNCTION_EXISTS=gethostbyname    CMakeFiles/cmTryCompileExec1521451337.dir/CheckFunctionExists.c.o  -o cmTryCompileExec1521451337 -rdynamic 
make[1]: Leaving directory '/home/tronje/Documents/Stuff/build/CMakeFiles/CMakeTmp'


Determining if the function connect exists passed with the following output:
Change Dir: /home/tronje/Documents/Stuff/build/CMakeFiles/CMakeTmp

Run Build Command:/usr/bin/make "cmTryCompileExec1656105162/fast"
/usr/bin/make -f CMakeFiles/cmTryCompileExec1656105162.dir/build.make CMakeFiles/cmTryCompileExec1656105162.dir/build
make[1]: Entering directory '/home/tronje/Documents/Stuff/build/CMakeFiles/CMakeTmp'
/usr/bin/cmake -E cmake_progress_report /home/tronje/Documents/Stuff/build/CMakeFiles/CMakeTmp/CMakeFiles 1
Building C object CMakeFiles/cmTryCompileExec1656105162.dir/CheckFunctionExists.c.o
/usr/bin/cc   -DCHECK_FUNCTION_EXISTS=connect   -o CMakeFiles/cmTryCompileExec1656105162.dir/CheckFunctionExists.c.o   -c /usr/share/cmake-2.8/Modules/CheckFunctionExists.c
Linking C executable cmTryCompileExec1656105162
/usr/bin/cmake -E cmake_link_script CMakeFiles/cmTryCompileExec1656105162.dir/link.txt --verbose=1
/usr/bin/cc   -DCHECK_FUNCTION_EXISTS=connect    CMakeFiles/cmTryCompileExec1656105162.dir/CheckFunctionExists.c.o  -o cmTryCompileExec1656105162 -rdynamic 
make[1]: Leaving directory '/home/tronje/Documents/Stuff/build/CMakeFiles/CMakeTmp'


Determining if the function remove exists passed with the following output:
Change Dir: /home/tronje/Documents/Stuff/build/CMakeFiles/CMakeTmp

Run Build Command:/usr/bin/make "cmTryCompileExec3346599749/fast"
/usr/bin/make -f CMakeFiles/cmTryCompileExec3346599749.dir/build.make CMakeFiles/cmTryCompileExec3346599749.dir/build
make[1]: Entering directory '/home/tronje/Documents/Stuff/build/CMakeFiles/CMakeTmp'
/usr/bin/cmake -E cmake_progress_report /home/tronje/Documents/Stuff/build/CMakeFiles/CMakeTmp/CMakeFiles 1
Building C object CMakeFiles/cmTryCompileExec3346599749.dir/CheckFunctionExists.c.o
/usr/bin/cc   -DCHECK_FUNCTION_EXISTS=remove   -o CMakeFiles/cmTryCompileExec3346599749.dir/CheckFunctionExists.c.o   -c /usr/share/cmake-2.8/Modules/CheckFunctionExists.c
Linking C executable cmTryCompileExec3346599749
/usr/bin/cmake -E cmake_link_script CMakeFiles/cmTryCompileExec3346599749.dir/link.txt --verbose=1
/usr/bin/cc   -DCHECK_FUNCTION_EXISTS=remove    CMakeFiles/cmTryCompileExec3346599749.dir/CheckFunctionExists.c.o  -o cmTryCompileExec3346599749 -rdynamic 
make[1]: Leaving directory '/home/tronje/Documents/Stuff/build/CMakeFiles/CMakeTmp'


Determining if the function shmat exists passed with the following output:
Change Dir: /home/tronje/Documents/Stuff/build/CMakeFiles/CMakeTmp

Run Build Command:/usr/bin/make "cmTryCompileExec902687811/fast"
/usr/bin/make -f CMakeFiles/cmTryCompileExec902687811.dir/build.make CMakeFiles/cmTryCompileExec902687811.dir/build
make[1]: Entering directory '/home/tronje/Documents/Stuff/build/CMakeFiles/CMakeTmp'
/usr/bin/cmake -E cmake_progress_report /home/tronje/Documents/Stuff/build/CMakeFiles/CMakeTmp/CMakeFiles 1
Building C object CMakeFiles/cmTryCompileExec902687811.dir/CheckFunctionExists.c.o
/usr/bin/cc   -DCHECK_FUNCTION_EXISTS=shmat   -o CMakeFiles/cmTryCompileExec902687811.dir/CheckFunctionExists.c.o   -c /usr/share/cmake-2.8/Modules/CheckFunctionExists.c
Linking C executable cmTryCompileExec902687811
/usr/bin/cmake -E cmake_link_script CMakeFiles/cmTryCompileExec902687811.dir/link.txt --verbose=1
/usr/bin/cc   -DCHECK_FUNCTION_EXISTS=shmat    CMakeFiles/cmTryCompileExec902687811.dir/CheckFunctionExists.c.o  -o cmTryCompileExec902687811 -rdynamic 
make[1]: Leaving directory '/home/tronje/Documents/Stuff/build/CMakeFiles/CMakeTmp'


Determining if the function IceConnectionNumber exists in the ICE passed with the following output:
Change Dir: /home/tronje/Documents/Stuff/build/CMakeFiles/CMakeTmp

Run Build Command:/usr/bin/make "cmTryCompileExec2791499108/fast"
/usr/bin/make -f CMakeFiles/cmTryCompileExec2791499108.dir/build.make CMakeFiles/cmTryCompileExec2791499108.dir/build
make[1]: Entering directory '/home/tronje/Documents/Stuff/build/CMakeFiles/CMakeTmp'
/usr/bin/cmake -E cmake_progress_report /home/tronje/Documents/Stuff/build/CMakeFiles/CMakeTmp/CMakeFiles 1
Building C object CMakeFiles/cmTryCompileExec2791499108.dir/CheckFunctionExists.c.o
/usr/bin/cc   -DCHECK_FUNCTION_EXISTS=IceConnectionNumber   -o CMakeFiles/cmTryCompileExec2791499108.dir/CheckFunctionExists.c.o   -c /usr/share/cmake-2.8/Modules/CheckFunctionExists.c
Linking C executable cmTryCompileExec2791499108
/usr/bin/cmake -E cmake_link_script CMakeFiles/cmTryCompileExec2791499108.dir/link.txt --verbose=1
/usr/bin/cc   -DCHECK_FUNCTION_EXISTS=IceConnectionNumber    CMakeFiles/cmTryCompileExec2791499108.dir/CheckFunctionExists.c.o  -o cmTryCompileExec2791499108 -rdynamic -lICE 
make[1]: Leaving directory '/home/tronje/Documents/Stuff/build/CMakeFiles/CMakeTmp'


The system is: Linux - 3.15.2-1-ARCH - x86_64
Compiling the C compiler identification source file "CMakeCCompilerId.c" succeeded.
Compiler: /usr/bin/cc 
Build flags: 
Id flags: 

The output was:
0


Compilation of the C compiler identification source "CMakeCCompilerId.c" produced "a.out"

The C compiler identification is GNU, found in "/home/tronje/Documents/Stuff/build/CMakeFiles/3.0.0/CompilerIdC/a.out"

Compiling the CXX compiler identification source file "CMakeCXXCompilerId.cpp" succeeded.
Compiler: /usr/bin/c++ 
Build flags: 
Id flags: 

The output was:
0


Compilation of the CXX compiler identification source "CMakeCXXCompilerId.cpp" produced "a.out"

The CXX compiler identification is GNU, found in "/home/tronje/Documents/Stuff/build/CMakeFiles/3.0.0/CompilerIdCXX/a.out"

Determining if the C compiler works passed with the following output:
Change Dir: /home/tronje/Documents/Stuff/build/CMakeFiles/CMakeTmp

Run Build Command:"/usr/bin/make" "cmTryCompileExec3863595465/fast"
make[1]: Entering directory '/home/tronje/Documents/Stuff/build/CMakeFiles/CMakeTmp'
/usr/bin/make -f CMakeFiles/cmTryCompileExec3863595465.dir/build.make CMakeFiles/cmTryCompileExec3863595465.dir/build
make[2]: Entering directory '/home/tronje/Documents/Stuff/build/CMakeFiles/CMakeTmp'
/usr/bin/cmake -E cmake_progress_report /home/tronje/Documents/Stuff/build/CMakeFiles/CMakeTmp/CMakeFiles 1
Building C object CMakeFiles/cmTryCompileExec3863595465.dir/testCCompiler.c.o
/usr/bin/cc    -o CMakeFiles/cmTryCompileExec3863595465.dir/testCCompiler.c.o   -c /home/tronje/Documents/Stuff/build/CMakeFiles/CMakeTmp/testCCompiler.c
Linking C executable cmTryCompileExec3863595465
/usr/bin/cmake -E cmake_link_script CMakeFiles/cmTryCompileExec3863595465.dir/link.txt --verbose=1
/usr/bin/cc       CMakeFiles/cmTryCompileExec3863595465.dir/testCCompiler.c.o  -o cmTryCompileExec3863595465 -rdynamic 
make[2]: Leaving directory '/home/tronje/Documents/Stuff/build/CMakeFiles/CMakeTmp'
make[1]: Leaving directory '/home/tronje/Documents/Stuff/build/CMakeFiles/CMakeTmp'


Detecting C compiler ABI info compiled with the following output:
Change Dir: /home/tronje/Documents/Stuff/build/CMakeFiles/CMakeTmp

Run Build Command:"/usr/bin/make" "cmTryCompileExec504752708/fast"
make[1]: Entering directory '/home/tronje/Documents/Stuff/build/CMakeFiles/CMakeTmp'
/usr/bin/make -f CMakeFiles/cmTryCompileExec504752708.dir/build.make CMakeFiles/cmTryCompileExec504752708.dir/build
make[2]: Entering directory '/home/tronje/Documents/Stuff/build/CMakeFiles/CMakeTmp'
/usr/bin/cmake -E cmake_progress_report /home/tronje/Documents/Stuff/build/CMakeFiles/CMakeTmp/CMakeFiles 1
Building C object CMakeFiles/cmTryCompileExec504752708.dir/CMakeCCompilerABI.c.o
/usr/bin/cc    -o CMakeFiles/cmTryCompileExec504752708.dir/CMakeCCompilerABI.c.o   -c /usr/share/cmake-3.0/Modules/CMakeCCompilerABI.c
Linking C executable cmTryCompileExec504752708
/usr/bin/cmake -E cmake_link_script CMakeFiles/cmTryCompileExec504752708.dir/link.txt --verbose=1
/usr/bin/cc     -v CMakeFiles/cmTryCompileExec504752708.dir/CMakeCCompilerABI.c.o  -o cmTryCompileExec504752708 -rdynamic  
Using built-in specs.
COLLECT_GCC=/usr/bin/cc
COLLECT_LTO_WRAPPER=/usr/lib/gcc/x86_64-unknown-linux-gnu/4.9.0/lto-wrapper
Target: x86_64-unknown-linux-gnu
Configured with: /build/gcc/src/gcc-4.9-20140604/configure --prefix=/usr --libdir=/usr/lib --libexecdir=/usr/lib --mandir=/usr/share/man --infodir=/usr/share/info --with-bugurl=https://bugs.archlinux.org/ --enable-languages=c,c++,ada,fortran,go,lto,objc,obj-c++ --enable-shared --enable-threads=posix --with-system-zlib --enable-__cxa_atexit --disable-libunwind-exceptions --enable-clocale=gnu --disable-libstdcxx-pch --disable-libssp --enable-gnu-unique-object --enable-linker-build-id --enable-cloog-backend=isl --disable-isl-version-check --disable-cloog-version-check --enable-lto --enable-plugin --enable-install-libiberty --with-linker-hash-style=gnu --disable-multilib --disable-werror --enable-checking=release
Thread model: posix
gcc version 4.9.0 20140604 (prerelease) (GCC) 
COMPILER_PATH=/usr/lib/gcc/x86_64-unknown-linux-gnu/4.9.0/:/usr/lib/gcc/x86_64-unknown-linux-gnu/4.9.0/:/usr/lib/gcc/x86_64-unknown-linux-gnu/:/usr/lib/gcc/x86_64-unknown-linux-gnu/4.9.0/:/usr/lib/gcc/x86_64-unknown-linux-gnu/
LIBRARY_PATH=/usr/lib/gcc/x86_64-unknown-linux-gnu/4.9.0/:/usr/lib/gcc/x86_64-unknown-linux-gnu/4.9.0/../../../../lib/:/lib/../lib/:/usr/lib/../lib/:/usr/lib/gcc/x86_64-unknown-linux-gnu/4.9.0/../../../:/lib/:/usr/lib/
COLLECT_GCC_OPTIONS='-v' '-o' 'cmTryCompileExec504752708' '-rdynamic' '-mtune=generic' '-march=x86-64'
 /usr/lib/gcc/x86_64-unknown-linux-gnu/4.9.0/collect2 -plugin /usr/lib/gcc/x86_64-unknown-linux-gnu/4.9.0/liblto_plugin.so -plugin-opt=/usr/lib/gcc/x86_64-unknown-linux-gnu/4.9.0/lto-wrapper -plugin-opt=-fresolution=/tmp/cciGgW9S.res -plugin-opt=-pass-through=-lgcc -plugin-opt=-pass-through=-lgcc_s -plugin-opt=-pass-through=-lc -plugin-opt=-pass-through=-lgcc -plugin-opt=-pass-through=-lgcc_s --build-id --eh-frame-hdr --hash-style=gnu -m elf_x86_64 -export-dynamic -dynamic-linker /lib64/ld-linux-x86-64.so.2 -o cmTryCompileExec504752708 /usr/lib/gcc/x86_64-unknown-linux-gnu/4.9.0/../../../../lib/crt1.o /usr/lib/gcc/x86_64-unknown-linux-gnu/4.9.0/../../../../lib/crti.o /usr/lib/gcc/x86_64-unknown-linux-gnu/4.9.0/crtbegin.o -L/usr/lib/gcc/x86_64-unknown-linux-gnu/4.9.0 -L/usr/lib/gcc/x86_64-unknown-linux-gnu/4.9.0/../../../../lib -L/lib/../lib -L/usr/lib/../lib -L/usr/lib/gcc/x86_64-unknown-linux-gnu/4.9.0/../../.. CMakeFiles/cmTryCompileExec504752708.dir/CMakeCCompilerABI.c.o -lgcc --as-needed -lgcc_s --no-as-needed -lc -lgcc --as-needed -lgcc_s --no-as-needed /usr/lib/gcc/x86_64-unknown-linux-gnu/4.9.0/crtend.o /usr/lib/gcc/x86_64-unknown-linux-gnu/4.9.0/../../../../lib/crtn.o
make[2]: Leaving directory '/home/tronje/Documents/Stuff/build/CMakeFiles/CMakeTmp'
make[1]: Leaving directory '/home/tronje/Documents/Stuff/build/CMakeFiles/CMakeTmp'


Parsed C implicit link information from above output:
  link line regex: [^( *|.*[/\])(ld|([^/\]+-)?ld|collect2)[^/\]*( |$)]
  ignore line: [Change Dir: /home/tronje/Documents/Stuff/build/CMakeFiles/CMakeTmp]
  ignore line: []
  ignore line: [Run Build Command:"/usr/bin/make" "cmTryCompileExec504752708/fast"]
  ignore line: [make[1]: Entering directory '/home/tronje/Documents/Stuff/build/CMakeFiles/CMakeTmp']
  ignore line: [/usr/bin/make -f CMakeFiles/cmTryCompileExec504752708.dir/build.make CMakeFiles/cmTryCompileExec504752708.dir/build]
  ignore line: [make[2]: Entering directory '/home/tronje/Documents/Stuff/build/CMakeFiles/CMakeTmp']
  ignore line: [/usr/bin/cmake -E cmake_progress_report /home/tronje/Documents/Stuff/build/CMakeFiles/CMakeTmp/CMakeFiles 1]
  ignore line: [Building C object CMakeFiles/cmTryCompileExec504752708.dir/CMakeCCompilerABI.c.o]
  ignore line: [/usr/bin/cc    -o CMakeFiles/cmTryCompileExec504752708.dir/CMakeCCompilerABI.c.o   -c /usr/share/cmake-3.0/Modules/CMakeCCompilerABI.c]
  ignore line: [Linking C executable cmTryCompileExec504752708]
  ignore line: [/usr/bin/cmake -E cmake_link_script CMakeFiles/cmTryCompileExec504752708.dir/link.txt --verbose=1]
  ignore line: [/usr/bin/cc     -v CMakeFiles/cmTryCompileExec504752708.dir/CMakeCCompilerABI.c.o  -o cmTryCompileExec504752708 -rdynamic  ]
  ignore line: [Using built-in specs.]
  ignore line: [COLLECT_GCC=/usr/bin/cc]
  ignore line: [COLLECT_LTO_WRAPPER=/usr/lib/gcc/x86_64-unknown-linux-gnu/4.9.0/lto-wrapper]
  ignore line: [Target: x86_64-unknown-linux-gnu]
  ignore line: [Configured with: /build/gcc/src/gcc-4.9-20140604/configure --prefix=/usr --libdir=/usr/lib --libexecdir=/usr/lib --mandir=/usr/share/man --infodir=/usr/share/info --with-bugurl=https://bugs.archlinux.org/ --enable-languages=c,c++,ada,fortran,go,lto,objc,obj-c++ --enable-shared --enable-threads=posix --with-system-zlib --enable-__cxa_atexit --disable-libunwind-exceptions --enable-clocale=gnu --disable-libstdcxx-pch --disable-libssp --enable-gnu-unique-object --enable-linker-build-id --enable-cloog-backend=isl --disable-isl-version-check --disable-cloog-version-check --enable-lto --enable-plugin --enable-install-libiberty --with-linker-hash-style=gnu --disable-multilib --disable-werror --enable-checking=release]
  ignore line: [Thread model: posix]
  ignore line: [gcc version 4.9.0 20140604 (prerelease) (GCC) ]
  ignore line: [COMPILER_PATH=/usr/lib/gcc/x86_64-unknown-linux-gnu/4.9.0/:/usr/lib/gcc/x86_64-unknown-linux-gnu/4.9.0/:/usr/lib/gcc/x86_64-unknown-linux-gnu/:/usr/lib/gcc/x86_64-unknown-linux-gnu/4.9.0/:/usr/lib/gcc/x86_64-unknown-linux-gnu/]
  ignore line: [LIBRARY_PATH=/usr/lib/gcc/x86_64-unknown-linux-gnu/4.9.0/:/usr/lib/gcc/x86_64-unknown-linux-gnu/4.9.0/../../../../lib/:/lib/../lib/:/usr/lib/../lib/:/usr/lib/gcc/x86_64-unknown-linux-gnu/4.9.0/../../../:/lib/:/usr/lib/]
  ignore line: [COLLECT_GCC_OPTIONS='-v' '-o' 'cmTryCompileExec504752708' '-rdynamic' '-mtune=generic' '-march=x86-64']
  link line: [ /usr/lib/gcc/x86_64-unknown-linux-gnu/4.9.0/collect2 -plugin /usr/lib/gcc/x86_64-unknown-linux-gnu/4.9.0/liblto_plugin.so -plugin-opt=/usr/lib/gcc/x86_64-unknown-linux-gnu/4.9.0/lto-wrapper -plugin-opt=-fresolution=/tmp/cciGgW9S.res -plugin-opt=-pass-through=-lgcc -plugin-opt=-pass-through=-lgcc_s -plugin-opt=-pass-through=-lc -plugin-opt=-pass-through=-lgcc -plugin-opt=-pass-through=-lgcc_s --build-id --eh-frame-hdr --hash-style=gnu -m elf_x86_64 -export-dynamic -dynamic-linker /lib64/ld-linux-x86-64.so.2 -o cmTryCompileExec504752708 /usr/lib/gcc/x86_64-unknown-linux-gnu/4.9.0/../../../../lib/crt1.o /usr/lib/gcc/x86_64-unknown-linux-gnu/4.9.0/../../../../lib/crti.o /usr/lib/gcc/x86_64-unknown-linux-gnu/4.9.0/crtbegin.o -L/usr/lib/gcc/x86_64-unknown-linux-gnu/4.9.0 -L/usr/lib/gcc/x86_64-unknown-linux-gnu/4.9.0/../../../../lib -L/lib/../lib -L/usr/lib/../lib -L/usr/lib/gcc/x86_64-unknown-linux-gnu/4.9.0/../../.. CMakeFiles/cmTryCompileExec504752708.dir/CMakeCCompilerABI.c.o -lgcc --as-needed -lgcc_s --no-as-needed -lc -lgcc --as-needed -lgcc_s --no-as-needed /usr/lib/gcc/x86_64-unknown-linux-gnu/4.9.0/crtend.o /usr/lib/gcc/x86_64-unknown-linux-gnu/4.9.0/../../../../lib/crtn.o]
    arg [/usr/lib/gcc/x86_64-unknown-linux-gnu/4.9.0/collect2] ==> ignore
    arg [-plugin] ==> ignore
    arg [/usr/lib/gcc/x86_64-unknown-linux-gnu/4.9.0/liblto_plugin.so] ==> ignore
    arg [-plugin-opt=/usr/lib/gcc/x86_64-unknown-linux-gnu/4.9.0/lto-wrapper] ==> ignore
    arg [-plugin-opt=-fresolution=/tmp/cciGgW9S.res] ==> ignore
    arg [-plugin-opt=-pass-through=-lgcc] ==> ignore
    arg [-plugin-opt=-pass-through=-lgcc_s] ==> ignore
    arg [-plugin-opt=-pass-through=-lc] ==> ignore
    arg [-plugin-opt=-pass-through=-lgcc] ==> ignore
    arg [-plugin-opt=-pass-through=-lgcc_s] ==> ignore
    arg [--build-id] ==> ignore
    arg [--eh-frame-hdr] ==> ignore
    arg [--hash-style=gnu] ==> ignore
    arg [-m] ==> ignore
    arg [elf_x86_64] ==> ignore
    arg [-export-dynamic] ==> ignore
    arg [-dynamic-linker] ==> ignore
    arg [/lib64/ld-linux-x86-64.so.2] ==> ignore
    arg [-o] ==> ignore
    arg [cmTryCompileExec504752708] ==> ignore
    arg [/usr/lib/gcc/x86_64-unknown-linux-gnu/4.9.0/../../../../lib/crt1.o] ==> ignore
    arg [/usr/lib/gcc/x86_64-unknown-linux-gnu/4.9.0/../../../../lib/crti.o] ==> ignore
    arg [/usr/lib/gcc/x86_64-unknown-linux-gnu/4.9.0/crtbegin.o] ==> ignore
    arg [-L/usr/lib/gcc/x86_64-unknown-linux-gnu/4.9.0] ==> dir [/usr/lib/gcc/x86_64-unknown-linux-gnu/4.9.0]
    arg [-L/usr/lib/gcc/x86_64-unknown-linux-gnu/4.9.0/../../../../lib] ==> dir [/usr/lib/gcc/x86_64-unknown-linux-gnu/4.9.0/../../../../lib]
    arg [-L/lib/../lib] ==> dir [/lib/../lib]
    arg [-L/usr/lib/../lib] ==> dir [/usr/lib/../lib]
    arg [-L/usr/lib/gcc/x86_64-unknown-linux-gnu/4.9.0/../../..] ==> dir [/usr/lib/gcc/x86_64-unknown-linux-gnu/4.9.0/../../..]
    arg [CMakeFiles/cmTryCompileExec504752708.dir/CMakeCCompilerABI.c.o] ==> ignore
    arg [-lgcc] ==> lib [gcc]
    arg [--as-needed] ==> ignore
    arg [-lgcc_s] ==> lib [gcc_s]
    arg [--no-as-needed] ==> ignore
    arg [-lc] ==> lib [c]
    arg [-lgcc] ==> lib [gcc]
    arg [--as-needed] ==> ignore
    arg [-lgcc_s] ==> lib [gcc_s]
    arg [--no-as-needed] ==> ignore
    arg [/usr/lib/gcc/x86_64-unknown-linux-gnu/4.9.0/crtend.o] ==> ignore
    arg [/usr/lib/gcc/x86_64-unknown-linux-gnu/4.9.0/../../../../lib/crtn.o] ==> ignore
  remove lib [gcc]
  remove lib [gcc_s]
  remove lib [gcc]
  remove lib [gcc_s]
  collapse library dir [/usr/lib/gcc/x86_64-unknown-linux-gnu/4.9.0] ==> [/usr/lib/gcc/x86_64-unknown-linux-gnu/4.9.0]
  collapse library dir [/usr/lib/gcc/x86_64-unknown-linux-gnu/4.9.0/../../../../lib] ==> [/usr/lib]
  collapse library dir [/lib/../lib] ==> [/lib]
  collapse library dir [/usr/lib/../lib] ==> [/usr/lib]
  collapse library dir [/usr/lib/gcc/x86_64-unknown-linux-gnu/4.9.0/../../..] ==> [/usr/lib]
  implicit libs: [c]
  implicit dirs: [/usr/lib/gcc/x86_64-unknown-linux-gnu/4.9.0;/usr/lib;/lib]
  implicit fwks: []


Determining if the CXX compiler works passed with the following output:
Change Dir: /home/tronje/Documents/Stuff/build/CMakeFiles/CMakeTmp

Run Build Command:"/usr/bin/make" "cmTryCompileExec1232493705/fast"
make[1]: Entering directory '/home/tronje/Documents/Stuff/build/CMakeFiles/CMakeTmp'
/usr/bin/make -f CMakeFiles/cmTryCompileExec1232493705.dir/build.make CMakeFiles/cmTryCompileExec1232493705.dir/build
make[2]: Entering directory '/home/tronje/Documents/Stuff/build/CMakeFiles/CMakeTmp'
/usr/bin/cmake -E cmake_progress_report /home/tronje/Documents/Stuff/build/CMakeFiles/CMakeTmp/CMakeFiles 1
Building CXX object CMakeFiles/cmTryCompileExec1232493705.dir/testCXXCompiler.cxx.o
/usr/bin/c++     -o CMakeFiles/cmTryCompileExec1232493705.dir/testCXXCompiler.cxx.o -c /home/tronje/Documents/Stuff/build/CMakeFiles/CMakeTmp/testCXXCompiler.cxx
Linking CXX executable cmTryCompileExec1232493705
/usr/bin/cmake -E cmake_link_script CMakeFiles/cmTryCompileExec1232493705.dir/link.txt --verbose=1
/usr/bin/c++        CMakeFiles/cmTryCompileExec1232493705.dir/testCXXCompiler.cxx.o  -o cmTryCompileExec1232493705 -rdynamic 
make[2]: Leaving directory '/home/tronje/Documents/Stuff/build/CMakeFiles/CMakeTmp'
make[1]: Leaving directory '/home/tronje/Documents/Stuff/build/CMakeFiles/CMakeTmp'


Detecting CXX compiler ABI info compiled with the following output:
Change Dir: /home/tronje/Documents/Stuff/build/CMakeFiles/CMakeTmp

Run Build Command:"/usr/bin/make" "cmTryCompileExec4246875922/fast"
make[1]: Entering directory '/home/tronje/Documents/Stuff/build/CMakeFiles/CMakeTmp'
/usr/bin/make -f CMakeFiles/cmTryCompileExec4246875922.dir/build.make CMakeFiles/cmTryCompileExec4246875922.dir/build
make[2]: Entering directory '/home/tronje/Documents/Stuff/build/CMakeFiles/CMakeTmp'
/usr/bin/cmake -E cmake_progress_report /home/tronje/Documents/Stuff/build/CMakeFiles/CMakeTmp/CMakeFiles 1
Building CXX object CMakeFiles/cmTryCompileExec4246875922.dir/CMakeCXXCompilerABI.cpp.o
/usr/bin/c++     -o CMakeFiles/cmTryCompileExec4246875922.dir/CMakeCXXCompilerABI.cpp.o -c /usr/share/cmake-3.0/Modules/CMakeCXXCompilerABI.cpp
Linking CXX executable cmTryCompileExec4246875922
/usr/bin/cmake -E cmake_link_script CMakeFiles/cmTryCompileExec4246875922.dir/link.txt --verbose=1
/usr/bin/c++      -v CMakeFiles/cmTryCompileExec4246875922.dir/CMakeCXXCompilerABI.cpp.o  -o cmTryCompileExec4246875922 -rdynamic  
Using built-in specs.
COLLECT_GCC=/usr/bin/c++
COLLECT_LTO_WRAPPER=/usr/lib/gcc/x86_64-unknown-linux-gnu/4.9.0/lto-wrapper
Target: x86_64-unknown-linux-gnu
Configured with: /build/gcc/src/gcc-4.9-20140604/configure --prefix=/usr --libdir=/usr/lib --libexecdir=/usr/lib --mandir=/usr/share/man --infodir=/usr/share/info --with-bugurl=https://bugs.archlinux.org/ --enable-languages=c,c++,ada,fortran,go,lto,objc,obj-c++ --enable-shared --enable-threads=posix --with-system-zlib --enable-__cxa_atexit --disable-libunwind-exceptions --enable-clocale=gnu --disable-libstdcxx-pch --disable-libssp --enable-gnu-unique-object --enable-linker-build-id --enable-cloog-backend=isl --disable-isl-version-check --disable-cloog-version-check --enable-lto --enable-plugin --enable-install-libiberty --with-linker-hash-style=gnu --disable-multilib --disable-werror --enable-checking=release
Thread model: posix
gcc version 4.9.0 20140604 (prerelease) (GCC) 
COMPILER_PATH=/usr/lib/gcc/x86_64-unknown-linux-gnu/4.9.0/:/usr/lib/gcc/x86_64-unknown-linux-gnu/4.9.0/:/usr/lib/gcc/x86_64-unknown-linux-gnu/:/usr/lib/gcc/x86_64-unknown-linux-gnu/4.9.0/:/usr/lib/gcc/x86_64-unknown-linux-gnu/
LIBRARY_PATH=/usr/lib/gcc/x86_64-unknown-linux-gnu/4.9.0/:/usr/lib/gcc/x86_64-unknown-linux-gnu/4.9.0/../../../../lib/:/lib/../lib/:/usr/lib/../lib/:/usr/lib/gcc/x86_64-unknown-linux-gnu/4.9.0/../../../:/lib/:/usr/lib/
COLLECT_GCC_OPTIONS='-v' '-o' 'cmTryCompileExec4246875922' '-rdynamic' '-shared-libgcc' '-mtune=generic' '-march=x86-64'
 /usr/lib/gcc/x86_64-unknown-linux-gnu/4.9.0/collect2 -plugin /usr/lib/gcc/x86_64-unknown-linux-gnu/4.9.0/liblto_plugin.so -plugin-opt=/usr/lib/gcc/x86_64-unknown-linux-gnu/4.9.0/lto-wrapper -plugin-opt=-fresolution=/tmp/ccgN3gt3.res -plugin-opt=-pass-through=-lgcc_s -plugin-opt=-pass-through=-lgcc -plugin-opt=-pass-through=-lc -plugin-opt=-pass-through=-lgcc_s -plugin-opt=-pass-through=-lgcc --build-id --eh-frame-hdr --hash-style=gnu -m elf_x86_64 -export-dynamic -dynamic-linker /lib64/ld-linux-x86-64.so.2 -o cmTryCompileExec4246875922 /usr/lib/gcc/x86_64-unknown-linux-gnu/4.9.0/../../../../lib/crt1.o /usr/lib/gcc/x86_64-unknown-linux-gnu/4.9.0/../../../../lib/crti.o /usr/lib/gcc/x86_64-unknown-linux-gnu/4.9.0/crtbegin.o -L/usr/lib/gcc/x86_64-unknown-linux-gnu/4.9.0 -L/usr/lib/gcc/x86_64-unknown-linux-gnu/4.9.0/../../../../lib -L/lib/../lib -L/usr/lib/../lib -L/usr/lib/gcc/x86_64-unknown-linux-gnu/4.9.0/../../.. CMakeFiles/cmTryCompileExec4246875922.dir/CMakeCXXCompilerABI.cpp.o -lstdc++ -lm -lgcc_s -lgcc -lc -lgcc_s -lgcc /usr/lib/gcc/x86_64-unknown-linux-gnu/4.9.0/crtend.o /usr/lib/gcc/x86_64-unknown-linux-gnu/4.9.0/../../../../lib/crtn.o
make[2]: Leaving directory '/home/tronje/Documents/Stuff/build/CMakeFiles/CMakeTmp'
make[1]: Leaving directory '/home/tronje/Documents/Stuff/build/CMakeFiles/CMakeTmp'


Parsed CXX implicit link information from above output:
  link line regex: [^( *|.*[/\])(ld|([^/\]+-)?ld|collect2)[^/\]*( |$)]
  ignore line: [Change Dir: /home/tronje/Documents/Stuff/build/CMakeFiles/CMakeTmp]
  ignore line: []
  ignore line: [Run Build Command:"/usr/bin/make" "cmTryCompileExec4246875922/fast"]
  ignore line: [make[1]: Entering directory '/home/tronje/Documents/Stuff/build/CMakeFiles/CMakeTmp']
  ignore line: [/usr/bin/make -f CMakeFiles/cmTryCompileExec4246875922.dir/build.make CMakeFiles/cmTryCompileExec4246875922.dir/build]
  ignore line: [make[2]: Entering directory '/home/tronje/Documents/Stuff/build/CMakeFiles/CMakeTmp']
  ignore line: [/usr/bin/cmake -E cmake_progress_report /home/tronje/Documents/Stuff/build/CMakeFiles/CMakeTmp/CMakeFiles 1]
  ignore line: [Building CXX object CMakeFiles/cmTryCompileExec4246875922.dir/CMakeCXXCompilerABI.cpp.o]
  ignore line: [/usr/bin/c++     -o CMakeFiles/cmTryCompileExec4246875922.dir/CMakeCXXCompilerABI.cpp.o -c /usr/share/cmake-3.0/Modules/CMakeCXXCompilerABI.cpp]
  ignore line: [Linking CXX executable cmTryCompileExec4246875922]
  ignore line: [/usr/bin/cmake -E cmake_link_script CMakeFiles/cmTryCompileExec4246875922.dir/link.txt --verbose=1]
  ignore line: [/usr/bin/c++      -v CMakeFiles/cmTryCompileExec4246875922.dir/CMakeCXXCompilerABI.cpp.o  -o cmTryCompileExec4246875922 -rdynamic  ]
  ignore line: [Using built-in specs.]
  ignore line: [COLLECT_GCC=/usr/bin/c++]
  ignore line: [COLLECT_LTO_WRAPPER=/usr/lib/gcc/x86_64-unknown-linux-gnu/4.9.0/lto-wrapper]
  ignore line: [Target: x86_64-unknown-linux-gnu]
  ignore line: [Configured with: /build/gcc/src/gcc-4.9-20140604/configure --prefix=/usr --libdir=/usr/lib --libexecdir=/usr/lib --mandir=/usr/share/man --infodir=/usr/share/info --with-bugurl=https://bugs.archlinux.org/ --enable-languages=c,c++,ada,fortran,go,lto,objc,obj-c++ --enable-shared --enable-threads=posix --with-system-zlib --enable-__cxa_atexit --disable-libunwind-exceptions --enable-clocale=gnu --disable-libstdcxx-pch --disable-libssp --enable-gnu-unique-object --enable-linker-build-id --enable-cloog-backend=isl --disable-isl-version-check --disable-cloog-version-check --enable-lto --enable-plugin --enable-install-libiberty --with-linker-hash-style=gnu --disable-multilib --disable-werror --enable-checking=release]
  ignore line: [Thread model: posix]
  ignore line: [gcc version 4.9.0 20140604 (prerelease) (GCC) ]
  ignore line: [COMPILER_PATH=/usr/lib/gcc/x86_64-unknown-linux-gnu/4.9.0/:/usr/lib/gcc/x86_64-unknown-linux-gnu/4.9.0/:/usr/lib/gcc/x86_64-unknown-linux-gnu/:/usr/lib/gcc/x86_64-unknown-linux-gnu/4.9.0/:/usr/lib/gcc/x86_64-unknown-linux-gnu/]
  ignore line: [LIBRARY_PATH=/usr/lib/gcc/x86_64-unknown-linux-gnu/4.9.0/:/usr/lib/gcc/x86_64-unknown-linux-gnu/4.9.0/../../../../lib/:/lib/../lib/:/usr/lib/../lib/:/usr/lib/gcc/x86_64-unknown-linux-gnu/4.9.0/../../../:/lib/:/usr/lib/]
  ignore line: [COLLECT_GCC_OPTIONS='-v' '-o' 'cmTryCompileExec4246875922' '-rdynamic' '-shared-libgcc' '-mtune=generic' '-march=x86-64']
  link line: [ /usr/lib/gcc/x86_64-unknown-linux-gnu/4.9.0/collect2 -plugin /usr/lib/gcc/x86_64-unknown-linux-gnu/4.9.0/liblto_plugin.so -plugin-opt=/usr/lib/gcc/x86_64-unknown-linux-gnu/4.9.0/lto-wrapper -plugin-opt=-fresolution=/tmp/ccgN3gt3.res -plugin-opt=-pass-through=-lgcc_s -plugin-opt=-pass-through=-lgcc -plugin-opt=-pass-through=-lc -plugin-opt=-pass-through=-lgcc_s -plugin-opt=-pass-through=-lgcc --build-id --eh-frame-hdr --hash-style=gnu -m elf_x86_64 -export-dynamic -dynamic-linker /lib64/ld-linux-x86-64.so.2 -o cmTryCompileExec4246875922 /usr/lib/gcc/x86_64-unknown-linux-gnu/4.9.0/../../../../lib/crt1.o /usr/lib/gcc/x86_64-unknown-linux-gnu/4.9.0/../../../../lib/crti.o /usr/lib/gcc/x86_64-unknown-linux-gnu/4.9.0/crtbegin.o -L/usr/lib/gcc/x86_64-unknown-linux-gnu/4.9.0 -L/usr/lib/gcc/x86_64-unknown-linux-gnu/4.9.0/../../../../lib -L/lib/../lib -L/usr/lib/../lib -L/usr/lib/gcc/x86_64-unknown-linux-gnu/4.9.0/../../.. CMakeFiles/cmTryCompileExec4246875922.dir/CMakeCXXCompilerABI.cpp.o -lstdc++ -lm -lgcc_s -lgcc -lc -lgcc_s -lgcc /usr/lib/gcc/x86_64-unknown-linux-gnu/4.9.0/crtend.o /usr/lib/gcc/x86_64-unknown-linux-gnu/4.9.0/../../../../lib/crtn.o]
    arg [/usr/lib/gcc/x86_64-unknown-linux-gnu/4.9.0/collect2] ==> ignore
    arg [-plugin] ==> ignore
    arg [/usr/lib/gcc/x86_64-unknown-linux-gnu/4.9.0/liblto_plugin.so] ==> ignore
    arg [-plugin-opt=/usr/lib/gcc/x86_64-unknown-linux-gnu/4.9.0/lto-wrapper] ==> ignore
    arg [-plugin-opt=-fresolution=/tmp/ccgN3gt3.res] ==> ignore
    arg [-plugin-opt=-pass-through=-lgcc_s] ==> ignore
    arg [-plugin-opt=-pass-through=-lgcc] ==> ignore
    arg [-plugin-opt=-pass-through=-lc] ==> ignore
    arg [-plugin-opt=-pass-through=-lgcc_s] ==> ignore
    arg [-plugin-opt=-pass-through=-lgcc] ==> ignore
    arg [--build-id] ==> ignore
    arg [--eh-frame-hdr] ==> ignore
    arg [--hash-style=gnu] ==> ignore
    arg [-m] ==> ignore
    arg [elf_x86_64] ==> ignore
    arg [-export-dynamic] ==> ignore
    arg [-dynamic-linker] ==> ignore
    arg [/lib64/ld-linux-x86-64.so.2] ==> ignore
    arg [-o] ==> ignore
    arg [cmTryCompileExec4246875922] ==> ignore
    arg [/usr/lib/gcc/x86_64-unknown-linux-gnu/4.9.0/../../../../lib/crt1.o] ==> ignore
    arg [/usr/lib/gcc/x86_64-unknown-linux-gnu/4.9.0/../../../../lib/crti.o] ==> ignore
    arg [/usr/lib/gcc/x86_64-unknown-linux-gnu/4.9.0/crtbegin.o] ==> ignore
    arg [-L/usr/lib/gcc/x86_64-unknown-linux-gnu/4.9.0] ==> dir [/usr/lib/gcc/x86_64-unknown-linux-gnu/4.9.0]
    arg [-L/usr/lib/gcc/x86_64-unknown-linux-gnu/4.9.0/../../../../lib] ==> dir [/usr/lib/gcc/x86_64-unknown-linux-gnu/4.9.0/../../../../lib]
    arg [-L/lib/../lib] ==> dir [/lib/../lib]
    arg [-L/usr/lib/../lib] ==> dir [/usr/lib/../lib]
    arg [-L/usr/lib/gcc/x86_64-unknown-linux-gnu/4.9.0/../../..] ==> dir [/usr/lib/gcc/x86_64-unknown-linux-gnu/4.9.0/../../..]
    arg [CMakeFiles/cmTryCompileExec4246875922.dir/CMakeCXXCompilerABI.cpp.o] ==> ignore
    arg [-lstdc++] ==> lib [stdc++]
    arg [-lm] ==> lib [m]
    arg [-lgcc_s] ==> lib [gcc_s]
    arg [-lgcc] ==> lib [gcc]
    arg [-lc] ==> lib [c]
    arg [-lgcc_s] ==> lib [gcc_s]
    arg [-lgcc] ==> lib [gcc]
    arg [/usr/lib/gcc/x86_64-unknown-linux-gnu/4.9.0/crtend.o] ==> ignore
    arg [/usr/lib/gcc/x86_64-unknown-linux-gnu/4.9.0/../../../../lib/crtn.o] ==> ignore
  remove lib [gcc_s]
  remove lib [gcc]
  remove lib [gcc_s]
  remove lib [gcc]
  collapse library dir [/usr/lib/gcc/x86_64-unknown-linux-gnu/4.9.0] ==> [/usr/lib/gcc/x86_64-unknown-linux-gnu/4.9.0]
  collapse library dir [/usr/lib/gcc/x86_64-unknown-linux-gnu/4.9.0/../../../../lib] ==> [/usr/lib]
  collapse library dir [/lib/../lib] ==> [/lib]
  collapse library dir [/usr/lib/../lib] ==> [/usr/lib]
  collapse library dir [/usr/lib/gcc/x86_64-unknown-linux-gnu/4.9.0/../../..] ==> [/usr/lib]
  implicit libs: [stdc++;m;c]
  implicit dirs: [/usr/lib/gcc/x86_64-unknown-linux-gnu/4.9.0;/usr/lib;/lib]
  implicit fwks: []


Determining if the function XOpenDisplay exists in the /usr/lib64/libX11.so;/usr/lib64/libXext.so passed with the following output:
Change Dir: /home/tronje/Documents/learning/OpenGL/build/CMakeFiles/CMakeTmp

Run Build Command:"/usr/bin/make" "cmTryCompileExec802766368/fast"
/usr/bin/make -f CMakeFiles/cmTryCompileExec802766368.dir/build.make CMakeFiles/cmTryCompileExec802766368.dir/build
make[1]: Entering directory '/home/tronje/Documents/learning/OpenGL/build/CMakeFiles/CMakeTmp'
/usr/bin/cmake -E cmake_progress_report /home/tronje/Documents/learning/OpenGL/build/CMakeFiles/CMakeTmp/CMakeFiles 1
Building C object CMakeFiles/cmTryCompileExec802766368.dir/CheckFunctionExists.c.o
/usr/bin/cc   -DCHECK_FUNCTION_EXISTS=XOpenDisplay   -o CMakeFiles/cmTryCompileExec802766368.dir/CheckFunctionExists.c.o   -c /usr/share/cmake-3.0/Modules/CheckFunctionExists.c
Linking C executable cmTryCompileExec802766368
/usr/bin/cmake -E cmake_link_script CMakeFiles/cmTryCompileExec802766368.dir/link.txt --verbose=1
/usr/bin/cc   -DCHECK_FUNCTION_EXISTS=XOpenDisplay    CMakeFiles/cmTryCompileExec802766368.dir/CheckFunctionExists.c.o  -o cmTryCompileExec802766368 -rdynamic -lX11 -lXext 
make[1]: Leaving directory '/home/tronje/Documents/learning/OpenGL/build/CMakeFiles/CMakeTmp'


Determining if the function gethostbyname exists passed with the following output:
Change Dir: /home/tronje/Documents/learning/OpenGL/build/CMakeFiles/CMakeTmp

Run Build Command:"/usr/bin/make" "cmTryCompileExec2479203905/fast"
/usr/bin/make -f CMakeFiles/cmTryCompileExec2479203905.dir/build.make CMakeFiles/cmTryCompileExec2479203905.dir/build
make[1]: Entering directory '/home/tronje/Documents/learning/OpenGL/build/CMakeFiles/CMakeTmp'
/usr/bin/cmake -E cmake_progress_report /home/tronje/Documents/learning/OpenGL/build/CMakeFiles/CMakeTmp/CMakeFiles 1
Building C object CMakeFiles/cmTryCompileExec2479203905.dir/CheckFunctionExists.c.o
/usr/bin/cc   -DCHECK_FUNCTION_EXISTS=gethostbyname   -o CMakeFiles/cmTryCompileExec2479203905.dir/CheckFunctionExists.c.o   -c /usr/share/cmake-3.0/Modules/CheckFunctionExists.c
Linking C executable cmTryCompileExec2479203905
/usr/bin/cmake -E cmake_link_script CMakeFiles/cmTryCompileExec2479203905.dir/link.txt --verbose=1
/usr/bin/cc   -DCHECK_FUNCTION_EXISTS=gethostbyname    CMakeFiles/cmTryCompileExec2479203905.dir/CheckFunctionExists.c.o  -o cmTryCompileExec2479203905 -rdynamic 
make[1]: Leaving directory '/home/tronje/Documents/learning/OpenGL/build/CMakeFiles/CMakeTmp'


Determining if the function connect exists passed with the following output:
Change Dir: /home/tronje/Documents/learning/OpenGL/build/CMakeFiles/CMakeTmp

Run Build Command:"/usr/bin/make" "cmTryCompileExec1101324720/fast"
/usr/bin/make -f CMakeFiles/cmTryCompileExec1101324720.dir/build.make CMakeFiles/cmTryCompileExec1101324720.dir/build
make[1]: Entering directory '/home/tronje/Documents/learning/OpenGL/build/CMakeFiles/CMakeTmp'
/usr/bin/cmake -E cmake_progress_report /home/tronje/Documents/learning/OpenGL/build/CMakeFiles/CMakeTmp/CMakeFiles 1
Building C object CMakeFiles/cmTryCompileExec1101324720.dir/CheckFunctionExists.c.o
/usr/bin/cc   -DCHECK_FUNCTION_EXISTS=connect   -o CMakeFiles/cmTryCompileExec1101324720.dir/CheckFunctionExists.c.o   -c /usr/share/cmake-3.0/Modules/CheckFunctionExists.c
Linking C executable cmTryCompileExec1101324720
/usr/bin/cmake -E cmake_link_script CMakeFiles/cmTryCompileExec1101324720.dir/link.txt --verbose=1
/usr/bin/cc   -DCHECK_FUNCTION_EXISTS=connect    CMakeFiles/cmTryCompileExec1101324720.dir/CheckFunctionExists.c.o  -o cmTryCompileExec1101324720 -rdynamic 
make[1]: Leaving directory '/home/tronje/Documents/learning/OpenGL/build/CMakeFiles/CMakeTmp'


Determining if the function remove exists passed with the following output:
Change Dir: /home/tronje/Documents/learning/OpenGL/build/CMakeFiles/CMakeTmp

Run Build Command:"/usr/bin/make" "cmTryCompileExec2292196741/fast"
/usr/bin/make -f CMakeFiles/cmTryCompileExec2292196741.dir/build.make CMakeFiles/cmTryCompileExec2292196741.dir/build
make[1]: Entering directory '/home/tronje/Documents/learning/OpenGL/build/CMakeFiles/CMakeTmp'
/usr/bin/cmake -E cmake_progress_report /home/tronje/Documents/learning/OpenGL/build/CMakeFiles/CMakeTmp/CMakeFiles 1
Building C object CMakeFiles/cmTryCompileExec2292196741.dir/CheckFunctionExists.c.o
/usr/bin/cc   -DCHECK_FUNCTION_EXISTS=remove   -o CMakeFiles/cmTryCompileExec2292196741.dir/CheckFunctionExists.c.o   -c /usr/share/cmake-3.0/Modules/CheckFunctionExists.c
Linking C executable cmTryCompileExec2292196741
/usr/bin/cmake -E cmake_link_script CMakeFiles/cmTryCompileExec2292196741.dir/link.txt --verbose=1
/usr/bin/cc   -DCHECK_FUNCTION_EXISTS=remove    CMakeFiles/cmTryCompileExec2292196741.dir/CheckFunctionExists.c.o  -o cmTryCompileExec2292196741 -rdynamic 
make[1]: Leaving directory '/home/tronje/Documents/learning/OpenGL/build/CMakeFiles/CMakeTmp'


Determining if the function shmat exists passed with the following output:
Change Dir: /home/tronje/Documents/learning/OpenGL/build/CMakeFiles/CMakeTmp

Run Build Command:"/usr/bin/make" "cmTryCompileExec1415004204/fast"
/usr/bin/make -f CMakeFiles/cmTryCompileExec1415004204.dir/build.make CMakeFiles/cmTryCompileExec1415004204.dir/build
make[1]: Entering directory '/home/tronje/Documents/learning/OpenGL/build/CMakeFiles/CMakeTmp'
/usr/bin/cmake -E cmake_progress_report /home/tronje/Documents/learning/OpenGL/build/CMakeFiles/CMakeTmp/CMakeFiles 1
Building C object CMakeFiles/cmTryCompileExec1415004204.dir/CheckFunctionExists.c.o
/usr/bin/cc   -DCHECK_FUNCTION_EXISTS=shmat   -o CMakeFiles/cmTryCompileExec1415004204.dir/CheckFunctionExists.c.o   -c /usr/share/cmake-3.0/Modules/CheckFunctionExists.c
Linking C executable cmTryCompileExec1415004204
/usr/bin/cmake -E cmake_link_script CMakeFiles/cmTryCompileExec1415004204.dir/link.txt --verbose=1
/usr/bin/cc   -DCHECK_FUNCTION_EXISTS=shmat    CMakeFiles/cmTryCompileExec1415004204.dir/CheckFunctionExists.c.o  -o cmTryCompileExec1415004204 -rdynamic 
make[1]: Leaving directory '/home/tronje/Documents/learning/OpenGL/build/CMakeFiles/CMakeTmp'


Determining if the function IceConnectionNumber exists in the ICE passed with the following output:
Change Dir: /home/tronje/Documents/learning/OpenGL/build/CMakeFiles/CMakeTmp

Run Build Command:"/usr/bin/make" "cmTryCompileExec4060817401/fast"
/usr/bin/make -f CMakeFiles/cmTryCompileExec4060817401.dir/build.make CMakeFiles/cmTryCompileExec4060817401.dir/build
make[1]: Entering directory '/home/tronje/Documents/learning/OpenGL/build/CMakeFiles/CMakeTmp'
/usr/bin/cmake -E cmake_progress_report /home/tronje/Documents/learning/OpenGL/build/CMakeFiles/CMakeTmp/CMakeFiles 1
Building C object CMakeFiles/cmTryCompileExec4060817401.dir/CheckFunctionExists.c.o
/usr/bin/cc   -DCHECK_FUNCTION_EXISTS=IceConnectionNumber   -o CMakeFiles/cmTryCompileExec4060817401.dir/CheckFunctionExists.c.o   -c /usr/share/cmake-3.0/Modules/CheckFunctionExists.c
Linking C executable cmTryCompileExec4060817401
/usr/bin/cmake -E cmake_link_script CMakeFiles/cmTryCompileExec4060817401.dir/link.txt --verbose=1
/usr/bin/cc   -DCHECK_FUNCTION_EXISTS=IceConnectionNumber    CMakeFiles/cmTryCompileExec4060817401.dir/CheckFunctionExists.c.o  -o cmTryCompileExec4060817401 -rdynamic -lICE 
make[1]: Leaving directory '/home/tronje/Documents/learning/OpenGL/build/CMakeFiles/CMakeTmp'


